<?xml version="1.0" encoding="UTF-8"?>
<!-- Generated by org.testng.reporters.JUnitXMLReporter -->
<testsuite ignored="0" hostname="DESKTOP-2QISFAK" failures="0" tests="4" name="Default test" time="0.077" errors="0" timestamp="2022-05-29T13:57:50 IST">
  <testcase classname="Test2.amazon" name="testD" time="0.01"/>
  <testcase classname="Test2.amazon" name="testC" time="0.003"/>
  <testcase classname="Test2.amazon" name="testA" time="0.002"/>
  <testcase classname="Test2.amazon" name="testB" time="0.002"/>
</testsuite> <!-- Default test -->
