<?xml version="1.0" encoding="UTF-8"?>
<!-- Generated by org.testng.reporters.JUnitXMLReporter -->
<testsuite ignored="1" hostname="DESKTOP-2QISFAK" failures="0" tests="1" name="ChromeTest(failed)(failed)" time="8.973" errors="0" timestamp="2022-05-25T10:39:23 IST">
  <testcase classname="TestClasses.ValidationOfHomaPage2" name="verifyHotelsPageUrl" time="0.841"/>
  <testcase classname="TestClasses.ValidationOfHomaPage2" name="verifyFlightsPageUrl" time="0.0">
    <ignored/>
  </testcase> <!-- verifyFlightsPageUrl -->
</testsuite> <!-- ChromeTest(failed)(failed) -->
