<?xml version="1.0" encoding="UTF-8"?>
<!-- Generated by org.testng.reporters.JUnitXMLReporter -->
<testsuite ignored="2" hostname="DESKTOP-2QISFAK" failures="0" tests="2" name="Test(failed)" time="19.875" errors="0" timestamp="2022-05-25T02:02:36 IST">
  <testcase classname="TestClasses.ValidationOfHomaPage2" name="verifyHotelsPageUrl" time="0.784"/>
  <testcase classname="TestClasses.ValidationOfHomePage" name="testA" time="0.921"/>
  <testcase classname="TestClasses.ValidationOfHomaPage2" name="verifyFlightsPageUrl" time="0.0">
    <ignored/>
  </testcase> <!-- verifyFlightsPageUrl -->
  <testcase classname="TestClasses.ValidationOfHomePage" name="testB" time="0.0">
    <ignored/>
  </testcase> <!-- testB -->
</testsuite> <!-- Test(failed) -->
