<?xml version="1.0" encoding="UTF-8"?>
<!-- Generated by org.testng.reporters.JUnitXMLReporter -->
<testsuite ignored="0" hostname="DESKTOP-2QISFAK" failures="0" tests="5" name="ChromeTest" time="34.662" errors="0" timestamp="2022-06-06T17:21:37 IST">
  <testcase classname="TestClasses.VerifyCreateNewAccountPage" name="testA" time="0.066"/>
  <testcase classname="TestClasses.VerifyCreateNewAccountPage" name="testB" time="0.076"/>
  <testcase classname="TestClasses.VerifyCreateNewAccountPage" name="testc" time="0.065"/>
  <testcase classname="TestClasses.VerifyCreateNewAccountPage" name="testd" time="1.134"/>
  <testcase classname="TestClasses.VerifyCreateNewAccountPage" name="teste" time="0.117"/>
</testsuite> <!-- ChromeTest -->
