<?xml version="1.0" encoding="UTF-8"?>
<!-- Generated by org.testng.reporters.JUnitXMLReporter -->
<testsuite ignored="0" hostname="DESKTOP-2QISFAK" failures="0" tests="5" name="EdgeTest" time="31.759" errors="0" timestamp="2022-06-06T17:22:09 IST">
  <testcase classname="TestClasses.VerifyCreateNewAccountPage" name="testA" time="0.057"/>
  <testcase classname="TestClasses.VerifyCreateNewAccountPage" name="testB" time="0.059"/>
  <testcase classname="TestClasses.VerifyCreateNewAccountPage" name="testc" time="0.066"/>
  <testcase classname="TestClasses.VerifyCreateNewAccountPage" name="testd" time="1.114"/>
  <testcase classname="TestClasses.VerifyCreateNewAccountPage" name="teste" time="0.113"/>
</testsuite> <!-- EdgeTest -->
