<?xml version="1.0" encoding="UTF-8"?>
<testng-results ignored="0" total="4" passed="4" failed="0" skipped="0">
  <reporter-output>
  </reporter-output>
  <suite started-at="2022-06-06T17:45:12 IST" name="Suite" finished-at="2022-06-06T17:46:43 IST" duration-ms="90583">
    <groups>
    </groups>
    <test started-at="2022-06-06T17:45:12 IST" name="ChromeTest" finished-at="2022-06-06T17:45:57 IST" duration-ms="44671">
      <class name="TestClasses.VerifyFacebookHeader">
        <test-method is-config="true" signature="lounchBrowser(java.lang.String)[pri:0, instance:TestClasses.VerifyFacebookHeader@6af93788]" started-at="2022-06-06T17:45:12 IST" name="lounchBrowser" finished-at="2022-06-06T17:45:14 IST" duration-ms="1401" status="PASS">
          <params>
            <param index="0">
              <value>
                <![CDATA[Chrome]]>
              </value>
            </param>
          </params>
          <reporter-output>
          </reporter-output>
        </test-method> <!-- lounchBrowser -->
        <test-method is-config="true" signature="createPomObjects()[pri:0, instance:TestClasses.VerifyFacebookHeader@6af93788]" started-at="2022-06-06T17:45:14 IST" name="createPomObjects" finished-at="2022-06-06T17:45:14 IST" duration-ms="17" status="PASS">
          <reporter-output>
          </reporter-output>
        </test-method> <!-- createPomObjects -->
        <test-method is-config="true" signature="loginTOBrowser()[pri:0, instance:TestClasses.VerifyFacebookHeader@6af93788]" started-at="2022-06-06T17:45:14 IST" name="loginTOBrowser" finished-at="2022-06-06T17:45:18 IST" duration-ms="4770" status="PASS">
          <reporter-output>
          </reporter-output>
        </test-method> <!-- loginTOBrowser -->
        <test-method signature="testA()[pri:0, instance:TestClasses.VerifyFacebookHeader@6af93788]" started-at="2022-06-06T17:45:18 IST" name="testA" finished-at="2022-06-06T17:45:27 IST" duration-ms="8910" status="PASS">
          <reporter-output>
          </reporter-output>
        </test-method> <!-- testA -->
        <test-method is-config="true" signature="logout()[pri:0, instance:TestClasses.VerifyFacebookHeader@6af93788]" started-at="2022-06-06T17:45:27 IST" name="logout" finished-at="2022-06-06T17:45:34 IST" duration-ms="6715" status="PASS">
          <reporter-output>
          </reporter-output>
        </test-method> <!-- logout -->
        <test-method is-config="true" signature="loginTOBrowser()[pri:0, instance:TestClasses.VerifyFacebookHeader@6af93788]" started-at="2022-06-06T17:45:34 IST" name="loginTOBrowser" finished-at="2022-06-06T17:45:38 IST" duration-ms="4048" status="PASS">
          <reporter-output>
          </reporter-output>
        </test-method> <!-- loginTOBrowser -->
        <test-method signature="testB()[pri:0, instance:TestClasses.VerifyFacebookHeader@6af93788]" started-at="2022-06-06T17:45:38 IST" name="testB" finished-at="2022-06-06T17:45:46 IST" duration-ms="8331" status="PASS">
          <reporter-output>
          </reporter-output>
        </test-method> <!-- testB -->
        <test-method is-config="true" signature="logout()[pri:0, instance:TestClasses.VerifyFacebookHeader@6af93788]" started-at="2022-06-06T17:45:46 IST" name="logout" finished-at="2022-06-06T17:45:53 IST" duration-ms="6328" status="PASS">
          <reporter-output>
          </reporter-output>
        </test-method> <!-- logout -->
        <test-method is-config="true" signature="closedBrowser()[pri:0, instance:TestClasses.VerifyFacebookHeader@6af93788]" started-at="2022-06-06T17:45:53 IST" name="closedBrowser" finished-at="2022-06-06T17:45:57 IST" duration-ms="4129" status="PASS">
          <reporter-output>
          </reporter-output>
        </test-method> <!-- closedBrowser -->
        <test-method is-config="true" signature="clearObjects()[pri:0, instance:TestClasses.VerifyFacebookHeader@6af93788]" started-at="2022-06-06T17:45:53 IST" name="clearObjects" finished-at="2022-06-06T17:45:53 IST" duration-ms="0" status="PASS">
          <reporter-output>
          </reporter-output>
        </test-method> <!-- clearObjects -->
      </class> <!-- TestClasses.VerifyFacebookHeader -->
    </test> <!-- ChromeTest -->
    <test started-at="2022-06-06T17:45:57 IST" name="EdgeTest" finished-at="2022-06-06T17:46:43 IST" duration-ms="45894">
      <class name="TestClasses.VerifyFacebookHeader">
        <test-method is-config="true" signature="lounchBrowser(java.lang.String)[pri:0, instance:TestClasses.VerifyFacebookHeader@4b0b0854]" started-at="2022-06-06T17:45:57 IST" name="lounchBrowser" finished-at="2022-06-06T17:45:59 IST" duration-ms="2390" status="PASS">
          <params>
            <param index="0">
              <value>
                <![CDATA[Edge]]>
              </value>
            </param>
          </params>
          <reporter-output>
          </reporter-output>
        </test-method> <!-- lounchBrowser -->
        <test-method is-config="true" signature="createPomObjects()[pri:0, instance:TestClasses.VerifyFacebookHeader@4b0b0854]" started-at="2022-06-06T17:45:59 IST" name="createPomObjects" finished-at="2022-06-06T17:45:59 IST" duration-ms="1" status="PASS">
          <reporter-output>
          </reporter-output>
        </test-method> <!-- createPomObjects -->
        <test-method is-config="true" signature="loginTOBrowser()[pri:0, instance:TestClasses.VerifyFacebookHeader@4b0b0854]" started-at="2022-06-06T17:45:59 IST" name="loginTOBrowser" finished-at="2022-06-06T17:46:05 IST" duration-ms="6073" status="PASS">
          <reporter-output>
          </reporter-output>
        </test-method> <!-- loginTOBrowser -->
        <test-method signature="testA()[pri:0, instance:TestClasses.VerifyFacebookHeader@4b0b0854]" started-at="2022-06-06T17:46:05 IST" name="testA" finished-at="2022-06-06T17:46:13 IST" duration-ms="7649" status="PASS">
          <reporter-output>
          </reporter-output>
        </test-method> <!-- testA -->
        <test-method is-config="true" signature="logout()[pri:0, instance:TestClasses.VerifyFacebookHeader@4b0b0854]" started-at="2022-06-06T17:46:13 IST" name="logout" finished-at="2022-06-06T17:46:20 IST" duration-ms="7145" status="PASS">
          <reporter-output>
          </reporter-output>
        </test-method> <!-- logout -->
        <test-method is-config="true" signature="loginTOBrowser()[pri:0, instance:TestClasses.VerifyFacebookHeader@4b0b0854]" started-at="2022-06-06T17:46:20 IST" name="loginTOBrowser" finished-at="2022-06-06T17:46:25 IST" duration-ms="4441" status="PASS">
          <reporter-output>
          </reporter-output>
        </test-method> <!-- loginTOBrowser -->
        <test-method signature="testB()[pri:0, instance:TestClasses.VerifyFacebookHeader@4b0b0854]" started-at="2022-06-06T17:46:25 IST" name="testB" finished-at="2022-06-06T17:46:32 IST" duration-ms="7304" status="PASS">
          <reporter-output>
          </reporter-output>
        </test-method> <!-- testB -->
        <test-method is-config="true" signature="logout()[pri:0, instance:TestClasses.VerifyFacebookHeader@4b0b0854]" started-at="2022-06-06T17:46:32 IST" name="logout" finished-at="2022-06-06T17:46:39 IST" duration-ms="6722" status="PASS">
          <reporter-output>
          </reporter-output>
        </test-method> <!-- logout -->
        <test-method is-config="true" signature="closedBrowser()[pri:0, instance:TestClasses.VerifyFacebookHeader@4b0b0854]" started-at="2022-06-06T17:46:39 IST" name="closedBrowser" finished-at="2022-06-06T17:46:43 IST" duration-ms="4165" status="PASS">
          <reporter-output>
          </reporter-output>
        </test-method> <!-- closedBrowser -->
        <test-method is-config="true" signature="clearObjects()[pri:0, instance:TestClasses.VerifyFacebookHeader@4b0b0854]" started-at="2022-06-06T17:46:39 IST" name="clearObjects" finished-at="2022-06-06T17:46:39 IST" duration-ms="0" status="PASS">
          <reporter-output>
          </reporter-output>
        </test-method> <!-- clearObjects -->
      </class> <!-- TestClasses.VerifyFacebookHeader -->
    </test> <!-- EdgeTest -->
  </suite> <!-- Suite -->
</testng-results>
