<?xml version="1.0" encoding="UTF-8"?>
<testng-results ignored="8" total="10" passed="2" failed="0" skipped="0">
  <reporter-output>
  </reporter-output>
  <suite started-at="2022-06-01T10:11:19 IST" name="Failed suite [Suite]" finished-at="2022-06-01T10:11:41 IST" duration-ms="22979">
    <groups>
    </groups>
    <test started-at="2022-06-01T10:11:19 IST" name="ChromeTest(failed)" finished-at="2022-06-01T10:11:32 IST" duration-ms="13902">
      <class name="TestClasses.VerifyCreateNewAccountPage">
        <test-method is-config="true" signature="lounchBrowser()[pri:0, instance:TestClasses.VerifyCreateNewAccountPage@4ddced80]" started-at="2022-06-01T10:11:19 IST" name="lounchBrowser" finished-at="2022-06-01T10:11:20 IST" duration-ms="1590" status="PASS">
          <reporter-output>
          </reporter-output>
        </test-method> <!-- lounchBrowser -->
        <test-method is-config="true" signature="loginTOBrowser()[pri:0, instance:TestClasses.VerifyCreateNewAccountPage@4ddced80]" started-at="2022-06-01T10:11:20 IST" name="loginTOBrowser" finished-at="2022-06-01T10:11:27 IST" duration-ms="6732" status="PASS">
          <reporter-output>
          </reporter-output>
        </test-method> <!-- loginTOBrowser -->
        <test-method signature="testd()[pri:0, instance:TestClasses.VerifyCreateNewAccountPage@4ddced80]" started-at="2022-06-01T10:11:27 IST" name="testd" finished-at="2022-06-01T10:11:28 IST" duration-ms="1234" status="PASS">
          <reporter-output>
          </reporter-output>
        </test-method> <!-- testd -->
        <test-method is-config="true" signature="logout()[pri:0, instance:TestClasses.VerifyCreateNewAccountPage@4ddced80]" started-at="2022-06-01T10:11:28 IST" name="logout" finished-at="2022-06-01T10:11:28 IST" duration-ms="72" status="PASS">
          <reporter-output>
          </reporter-output>
        </test-method> <!-- logout -->
        <test-method is-config="true" signature="clearObjects()[pri:0, instance:TestClasses.VerifyCreateNewAccountPage@4ddced80]" started-at="2022-06-01T10:11:28 IST" name="clearObjects" finished-at="2022-06-01T10:11:32 IST" duration-ms="4230" status="PASS">
          <reporter-output>
          </reporter-output>
        </test-method> <!-- clearObjects -->
      </class> <!-- TestClasses.VerifyCreateNewAccountPage -->
    </test> <!-- ChromeTest(failed) -->
    <test started-at="2022-06-01T10:11:32 IST" name="EdgeTest(failed)" finished-at="2022-06-01T10:11:41 IST" duration-ms="9012">
      <class name="TestClasses.VerifyCreateNewAccountPage">
        <test-method is-config="true" signature="lounchBrowser()[pri:0, instance:TestClasses.VerifyCreateNewAccountPage@cd3fee8]" started-at="2022-06-01T10:11:32 IST" name="lounchBrowser" finished-at="2022-06-01T10:11:33 IST" duration-ms="988" status="PASS">
          <reporter-output>
          </reporter-output>
        </test-method> <!-- lounchBrowser -->
        <test-method is-config="true" signature="loginTOBrowser()[pri:0, instance:TestClasses.VerifyCreateNewAccountPage@cd3fee8]" started-at="2022-06-01T10:11:33 IST" name="loginTOBrowser" finished-at="2022-06-01T10:11:40 IST" duration-ms="6231" status="PASS">
          <reporter-output>
          </reporter-output>
        </test-method> <!-- loginTOBrowser -->
        <test-method signature="testd()[pri:0, instance:TestClasses.VerifyCreateNewAccountPage@cd3fee8]" started-at="2022-06-01T10:11:40 IST" name="testd" finished-at="2022-06-01T10:11:41 IST" duration-ms="1247" status="PASS">
          <reporter-output>
          </reporter-output>
        </test-method> <!-- testd -->
        <test-method is-config="true" signature="logout()[pri:0, instance:TestClasses.VerifyCreateNewAccountPage@cd3fee8]" started-at="2022-06-01T10:11:41 IST" name="logout" finished-at="2022-06-01T10:11:41 IST" duration-ms="93" status="PASS">
          <reporter-output>
          </reporter-output>
        </test-method> <!-- logout -->
        <test-method is-config="true" signature="clearObjects()[pri:0, instance:TestClasses.VerifyCreateNewAccountPage@cd3fee8]" started-at="2022-06-01T10:11:41 IST" name="clearObjects" finished-at="2022-06-01T10:11:41 IST" duration-ms="447" status="PASS">
          <reporter-output>
          </reporter-output>
        </test-method> <!-- clearObjects -->
      </class> <!-- TestClasses.VerifyCreateNewAccountPage -->
    </test> <!-- EdgeTest(failed) -->
  </suite> <!-- Failed suite [Suite] -->
</testng-results>
