<?xml version="1.0" encoding="UTF-8"?>
<!-- Generated by org.testng.reporters.JUnitXMLReporter -->
<testsuite ignored="2" hostname="DESKTOP-2QISFAK" failures="0" tests="2" name="Test14" time="0.045" errors="0" timestamp="2022-05-24T12:09:07 IST">
  <testcase classname="Test2.amazon" name="testA" time="0.004"/>
  <testcase classname="Test2.amazon" name="testD" time="0.002"/>
  <testcase classname="Test2.amazon" name="testB" time="0.0">
    <ignored/>
  </testcase> <!-- testB -->
  <testcase classname="Test2.amazon" name="testC" time="0.0">
    <ignored/>
  </testcase> <!-- testC -->
</testsuite> <!-- Test14 -->
