<?xml version="1.0" encoding="UTF-8"?>
<!-- Generated by org.testng.reporters.JUnitXMLReporter -->
<testsuite ignored="0" hostname="DESKTOP-2QISFAK" failures="0" tests="5" name="Test" time="0.096" errors="0" timestamp="2022-05-25T01:02:58 IST">
  <testcase classname="TestClasses.ValidationOfMobileBook" name="@BeforeTest lounchBrowser" time="-1.653420778011E9">
    <failure type="org.testng.TestNGException" message="
Parameter &amp;apos;browserName&amp;apos; is required by BeforeTest on method lounchBrowser but has not been marked @Optional or defined
in C:\Users\DELL\eclipse-workspace\Flipkart\ParallelTestng.xml">
      <![CDATA[org.testng.TestNGException: 
Parameter 'browserName' is required by BeforeTest on method lounchBrowser but has not been marked @Optional or defined
in C:\Users\DELL\eclipse-workspace\Flipkart\ParallelTestng.xml
at java.base/java.util.concurrent.FutureTask.run(FutureTask.java:264)
at java.base/java.util.concurrent.ThreadPoolExecutor.runWorker(ThreadPoolExecutor.java:1136)
at java.base/java.util.concurrent.ThreadPoolExecutor$Worker.run(ThreadPoolExecutor.java:635)
at java.base/java.lang.Thread.run(Thread.java:833)
... Removed 12 stack frames]]>
    </failure>
  </testcase> <!-- @BeforeTest lounchBrowser -->
  <testcase classname="TestClasses.VerifyFlipkartHeader" name="@BeforeTest lounchBrowser" time="-1.653420778021E9">
    <skipped/>
  </testcase> <!-- @BeforeTest lounchBrowser -->
  <testcase classname="TestClasses.VerifyFlipkartHeader2" name="@BeforeTest lounchBrowser" time="-1.653420778025E9">
    <skipped/>
  </testcase> <!-- @BeforeTest lounchBrowser -->
  <testcase classname="TestClasses.ValidationOfMobileBook" name="@BeforeClass createPomObjects" time="-1.653420778042E9">
    <skipped/>
  </testcase> <!-- @BeforeClass createPomObjects -->
  <testcase classname="TestClasses.ValidationOfMobileBook" name="@BeforeMethod loginTOBrowser" time="-1.653420778056E9">
    <skipped/>
  </testcase> <!-- @BeforeMethod loginTOBrowser -->
  <testcase classname="TestClasses.ValidationOfMobileBook" name="@AfterMethod logout" time="-1.653420778061E9">
    <skipped/>
  </testcase> <!-- @AfterMethod logout -->
  <testcase classname="TestClasses.ValidationOfMobileBook" name="@AfterClass clearObjects" time="-1.653420778064E9">
    <skipped/>
  </testcase> <!-- @AfterClass clearObjects -->
  <testcase classname="TestClasses.VerifyFlipkartHeader" name="@BeforeClass createPomObjects" time="-1.653420778068E9">
    <skipped/>
  </testcase> <!-- @BeforeClass createPomObjects -->
  <testcase classname="TestClasses.VerifyFlipkartHeader" name="@BeforeMethod loginTOBrowser" time="-1.65342077807E9">
    <skipped/>
  </testcase> <!-- @BeforeMethod loginTOBrowser -->
  <testcase classname="TestClasses.VerifyFlipkartHeader" name="@AfterMethod logout" time="-1.653420778073E9">
    <skipped/>
  </testcase> <!-- @AfterMethod logout -->
  <testcase classname="TestClasses.VerifyFlipkartHeader" name="@BeforeMethod loginTOBrowser" time="-1.653420778075E9">
    <skipped/>
  </testcase> <!-- @BeforeMethod loginTOBrowser -->
  <testcase classname="TestClasses.VerifyFlipkartHeader" name="@AfterMethod logout" time="-1.653420778079E9">
    <skipped/>
  </testcase> <!-- @AfterMethod logout -->
  <testcase classname="TestClasses.VerifyFlipkartHeader" name="@AfterClass clearObjects" time="-1.653420778082E9">
    <skipped/>
  </testcase> <!-- @AfterClass clearObjects -->
  <testcase classname="TestClasses.VerifyFlipkartHeader2" name="@BeforeClass createPomObjects" time="-1.653420778083E9">
    <skipped/>
  </testcase> <!-- @BeforeClass createPomObjects -->
  <testcase classname="TestClasses.VerifyFlipkartHeader2" name="@BeforeMethod loginTOBrowser" time="-1.653420778085E9">
    <skipped/>
  </testcase> <!-- @BeforeMethod loginTOBrowser -->
  <testcase classname="TestClasses.VerifyFlipkartHeader2" name="@AfterMethod logout" time="-1.65342077809E9">
    <skipped/>
  </testcase> <!-- @AfterMethod logout -->
  <testcase classname="TestClasses.VerifyFlipkartHeader2" name="@BeforeMethod loginTOBrowser" time="-1.653420778092E9">
    <skipped/>
  </testcase> <!-- @BeforeMethod loginTOBrowser -->
  <testcase classname="TestClasses.VerifyFlipkartHeader2" name="@AfterMethod logout" time="-1.653420778095E9">
    <skipped/>
  </testcase> <!-- @AfterMethod logout -->
  <testcase classname="TestClasses.VerifyFlipkartHeader2" name="@AfterClass clearObjects" time="-1.653420778097E9">
    <skipped/>
  </testcase> <!-- @AfterClass clearObjects -->
  <testcase classname="TestClasses.ValidationOfMobileBook" name="@AfterTest closedBrowser" time="-1.653420778098E9">
    <skipped/>
  </testcase> <!-- @AfterTest closedBrowser -->
  <testcase classname="TestClasses.VerifyFlipkartHeader" name="@AfterTest closedBrowser" time="-1.6534207781E9">
    <skipped/>
  </testcase> <!-- @AfterTest closedBrowser -->
  <testcase classname="TestClasses.VerifyFlipkartHeader2" name="@AfterTest closedBrowser" time="-1.653420778103E9">
    <skipped/>
  </testcase> <!-- @AfterTest closedBrowser -->
  <testcase classname="TestClasses.ValidationOfMobileBook" name="testA" time="0.0">
    <skipped/>
  </testcase> <!-- testA -->
  <testcase classname="TestClasses.VerifyFlipkartHeader" name="testA" time="0.0">
    <skipped/>
  </testcase> <!-- testA -->
  <testcase classname="TestClasses.VerifyFlipkartHeader" name="testB" time="0.0">
    <skipped/>
  </testcase> <!-- testB -->
  <testcase classname="TestClasses.VerifyFlipkartHeader2" name="testA" time="0.0">
    <skipped/>
  </testcase> <!-- testA -->
  <testcase classname="TestClasses.VerifyFlipkartHeader2" name="testB" time="0.0">
    <skipped/>
  </testcase> <!-- testB -->
</testsuite> <!-- Test -->
