<?xml version="1.0" encoding="UTF-8"?>
<!-- Generated by org.testng.reporters.JUnitXMLReporter -->
<testsuite ignored="4" hostname="DESKTOP-2QISFAK" failures="0" tests="1" name="EdgeTest(failed)" time="9.012" errors="0" timestamp="2022-06-01T10:11:41 IST">
  <testcase classname="TestClasses.VerifyCreateNewAccountPage" name="testd" time="1.247"/>
  <testcase classname="TestClasses.VerifyCreateNewAccountPage" name="testc" time="0.0">
    <ignored/>
  </testcase> <!-- testc -->
  <testcase classname="TestClasses.VerifyCreateNewAccountPage" name="teste" time="0.0">
    <ignored/>
  </testcase> <!-- teste -->
  <testcase classname="TestClasses.VerifyCreateNewAccountPage" name="testB" time="0.0">
    <ignored/>
  </testcase> <!-- testB -->
  <testcase classname="TestClasses.VerifyCreateNewAccountPage" name="testA" time="0.0">
    <ignored/>
  </testcase> <!-- testA -->
</testsuite> <!-- EdgeTest(failed) -->
